<?xml version="1.0" encoding="UTF-8"?>
<!-- Generated by org.testng.reporters.JUnitXMLReporter -->
<testsuite ignored="0" hostname="ATMECSBLRLT-042" failures="1" tests="6" name="Test" time="80.406" errors="0" timestamp="2020-09-30T10:29:00 IST">
  <testcase classname="com.atmecs.automation_demo.RegisterTest" name="registerTest" time="2.891">
    <failure type="org.openqa.selenium.InvalidSelectorException" message="invalid selector: Unable to locate an element with the xpath expression &amp;quot;//*[@id=&amp;quot;basicBootstrapForm&amp;quot;]/div[7]/div/multi-select/div[2]/ul/li[8]/a&amp;quot; because of the following error:
SyntaxError: Failed to execute &amp;apos;evaluate&amp;apos; on &amp;apos;Document&amp;apos;: The string &amp;apos;&amp;quot;//*[@id=&amp;quot;basicBootstrapForm&amp;quot;]/div[7]/div/multi-select/div[2]/ul/li[8]/a&amp;quot;&amp;apos; is not a valid XPath expression.
  (Session info: chrome=85.0.4183.121)
For documentation on this error, please visit: https://www.seleniumhq.org/exceptions/invalid_selector_exception.html
Build info: version: &amp;apos;3.141.59&amp;apos;, revision: &amp;apos;e82be7d358&amp;apos;, time: &amp;apos;2018-11-14T08:17:03&amp;apos;
System info: host: &amp;apos;ATMECSBLRLT-042&amp;apos;, ip: &amp;apos;192.168.9.1&amp;apos;, os.name: &amp;apos;Windows 10&amp;apos;, os.arch: &amp;apos;amd64&amp;apos;, os.version: &amp;apos;10.0&amp;apos;, java.version: &amp;apos;14.0.1&amp;apos;
Driver info: org.openqa.selenium.chrome.ChromeDriver
Capabilities {acceptInsecureCerts: false, browserName: chrome, browserVersion: 85.0.4183.121, chrome: {chromedriverVersion: 85.0.4183.87 (cd6713ebf92fa..., userDataDir: C:\Users\PUSHPA~1.MAD\AppDa...}, goog:chromeOptions: {debuggerAddress: localhost:63994}, javascriptEnabled: true, networkConnectionEnabled: false, pageLoadStrategy: normal, platform: WINDOWS, platformName: WINDOWS, proxy: Proxy(), setWindowRect: true, strictFileInteractability: false, timeouts: {implicit: 0, pageLoad: 300000, script: 30000}, unhandledPromptBehavior: dismiss and notify, webauthn:virtualAuthenticators: true}
Session ID: a3ee87ae453567c6a1e78f794cdc91e2
*** Element info: {Using=xpath, value=&amp;quot;//*[@id=&amp;quot;basicBootstrapForm&amp;quot;]/div[7]/div/multi-select/div[2]/ul/li[8]/a&amp;quot;}">
      <![CDATA[org.openqa.selenium.InvalidSelectorException: invalid selector: Unable to locate an element with the xpath expression "//*[@id="basicBootstrapForm"]/div[7]/div/multi-select/div[2]/ul/li[8]/a" because of the following error:
SyntaxError: Failed to execute 'evaluate' on 'Document': The string '"//*[@id="basicBootstrapForm"]/div[7]/div/multi-select/div[2]/ul/li[8]/a"' is not a valid XPath expression.
  (Session info: chrome=85.0.4183.121)
For documentation on this error, please visit: https://www.seleniumhq.org/exceptions/invalid_selector_exception.html
Build info: version: '3.141.59', revision: 'e82be7d358', time: '2018-11-14T08:17:03'
System info: host: 'ATMECSBLRLT-042', ip: '192.168.9.1', os.name: 'Windows 10', os.arch: 'amd64', os.version: '10.0', java.version: '14.0.1'
Driver info: org.openqa.selenium.chrome.ChromeDriver
Capabilities {acceptInsecureCerts: false, browserName: chrome, browserVersion: 85.0.4183.121, chrome: {chromedriverVersion: 85.0.4183.87 (cd6713ebf92fa..., userDataDir: C:\Users\PUSHPA~1.MAD\AppDa...}, goog:chromeOptions: {debuggerAddress: localhost:63994}, javascriptEnabled: true, networkConnectionEnabled: false, pageLoadStrategy: normal, platform: WINDOWS, platformName: WINDOWS, proxy: Proxy(), setWindowRect: true, strictFileInteractability: false, timeouts: {implicit: 0, pageLoad: 300000, script: 30000}, unhandledPromptBehavior: dismiss and notify, webauthn:virtualAuthenticators: true}
Session ID: a3ee87ae453567c6a1e78f794cdc91e2
*** Element info: {Using=xpath, value="//*[@id="basicBootstrapForm"]/div[7]/div/multi-select/div[2]/ul/li[8]/a"}
at org.openqa.selenium.remote.http.W3CHttpResponseCodec.createException(W3CHttpResponseCodec.java:187)
at org.openqa.selenium.remote.http.W3CHttpResponseCodec.decode(W3CHttpResponseCodec.java:122)
at org.openqa.selenium.remote.http.W3CHttpResponseCodec.decode(W3CHttpResponseCodec.java:49)
at org.openqa.selenium.remote.HttpCommandExecutor.execute(HttpCommandExecutor.java:158)
at org.openqa.selenium.remote.service.DriverCommandExecutor.execute(DriverCommandExecutor.java:83)
at org.openqa.selenium.remote.RemoteWebDriver.execute(RemoteWebDriver.java:552)
at org.openqa.selenium.remote.RemoteWebDriver.findElement(RemoteWebDriver.java:323)
at org.openqa.selenium.remote.RemoteWebDriver.findElementByXPath(RemoteWebDriver.java:428)
at org.openqa.selenium.By$ByXPath.findElement(By.java:353)
at org.openqa.selenium.remote.RemoteWebDriver.findElement(RemoteWebDriver.java:315)
at com.atmecs.automation_demo.helper.HelperClass.selectLanguageFromDropDown(HelperClass.java:35)
at com.atmecs.automation_demo.pages.RegisterPage.registerDetails(RegisterPage.java:34)
at com.atmecs.automation_demo.RegisterTest.registerTest(RegisterTest.java:13)
at java.base/java.util.ArrayList.forEach(ArrayList.java:1510)
... Removed 32 stack frames]]>
    </failure>
  </testcase> <!-- registerTest -->
  <testcase classname="com.atmecs.automation_demo.FaceBookTest" name="faceBookTest" time="6.795"/>
  <testcase classname="com.atmecs.automation_demo.TwitterTest" name="twitterTest" time="4.067"/>
  <testcase classname="com.atmecs.automation_demo.LinkedInTest" name="linkedInTest" time="1.401"/>
  <testcase classname="com.atmecs.automation_demo.GooglePlusTest" name="googlePlusTest" time="3.085"/>
  <testcase classname="com.atmecs.automation_demo.YouTubeTest" name="youTube" time="5.537"/>
</testsuite> <!-- Test -->
